<?xml version="1.0" encoding="UTF-8"?>
<!-- Generated by org.testng.reporters.JUnitReportReporter -->
<testsuite skipped="0" hostname="DESKTOP-T5U0599" name="framework.GetReq" tests="1" failures="0" timestamp="22 Jan 2020 23:35:41 GMT" time="8.689" errors="0">
  <testcase name="getTest" time="8.689" classname="framework.GetReq"/>
</testsuite> <!-- framework.GetReq -->
